<?xml version="1.0" encoding="UTF-8"?>
<!-- Generated by org.testng.reporters.JUnitReportReporter -->
<testsuite hostname="VanajaramananVM" failures="0" tests="1" name="com.test.Runner" time="8.386" errors="0" timestamp="2025-03-17T13:42:13 IST" skipped="0">
  <testcase classname="com.test.Runner" name="runScenario" time="8.386"/>
</testsuite> <!-- com.test.Runner -->
