<?xml version="1.0" encoding="UTF-8"?>
<!-- Generated by org.testng.reporters.JUnitReportReporter -->
<testsuite hostname="VanajaramananVM" failures="0" tests="1" name="com.test.LoginTestPOM" time="3.144" errors="0" timestamp="2025-02-28T21:05:56 IST" skipped="0">
  <testcase classname="com.test.LoginTestPOM" name="userLoginFunctionalityTest" time="3.144"/>
</testsuite> <!-- com.test.LoginTestPOM -->
