<?xml version="1.0" encoding="UTF-8"?>
<!-- Generated by org.testng.reporters.JUnitReportReporter -->
<testsuite hostname="VanajaramananVM" failures="0" tests="1" name="com.test.LoginTestPageFactory" time="0.524" errors="0" timestamp="2025-02-28T21:05:34 IST" skipped="0">
  <testcase classname="com.test.LoginTestPageFactory" name="userLoginFunctionalityTest" time="0.524"/>
</testsuite> <!-- com.test.LoginTestPageFactory -->
