<?xml version="1.0" encoding="UTF-8"?>
<!-- Generated by org.testng.reporters.JUnitReportReporter -->
<testsuite hostname="VanajaramananVM" failures="0" tests="1" name="com.test.LoginTestPOM" time="2.630" errors="0" timestamp="2025-03-06T14:02:22 IST" skipped="0">
  <testcase classname="com.test.LoginTestPOM" name="userLoginFunctionalityTest" time="2.630"/>
</testsuite> <!-- com.test.LoginTestPOM -->
