<?xml version="1.0" encoding="UTF-8"?>
<!-- Generated by org.testng.reporters.JUnitReportReporter -->
<testsuite hostname="VanajaramananVM" failures="0" tests="1" name="com.test.Runner" time="6.738" errors="0" timestamp="2025-03-08T21:43:23 IST" skipped="0">
  <testcase classname="com.test.Runner" name="runScenario" time="6.738"/>
</testsuite> <!-- com.test.Runner -->
